# JRE version: OpenJDK Runtime Environment Temurin-21.0.4+7 (21.0.4+7) (build 21.0.4+7-LTS)
# Java VM: OpenJDK 64-Bit Server VM Temurin-21.0.4+7 (21.0.4+7-LTS, mixed mode, emulated-client, tiered, compressed oops, compressed class ptrs, g1 gc, windows-amd64)
GC Precious Log:
 CardTable entry size: 512
 Card Set container configuration: InlinePtr #cards 5 size 8 Array Of Cards #cards 12 size 40 Howl #buckets 4 coarsen threshold 1843 Howl Bitmap #cards 512 size 80 coarsen threshold 460 Card regions per heap region 1 cards per card region 2048
 CPUs: 4 total, 4 available
 Memory: 8094M
 Large Page Support: Disabled
 NUMA Support: Disabled
 Compressed Oops: Enabled (32-bit)
 Heap Region Size: 1M
 Heap Min Capacity: 8M
 Heap Initial Capacity: 128M
 Heap Max Capacity: 2024M
 Pre-touch: Disabled
 Parallel Workers: 4
 Concurrent Workers: 1
 Concurrent Refinement Workers: 4
 Periodic GC: Disabled
Heap:
 garbage-first heap   total 81920K, used 60426K [0x0000000081800000, 0x0000000100000000)
  region size 1024K, 31 young (31744K), 3 survivors (3072K)
 Metaspace       used 82210K, committed 82944K, reserved 1179648K
  class space    used 10689K, committed 11008K, reserved 1048576K
GC Heap History (20 events):
Event: 744.126 GC heap before
{Heap before GC invocations=38 (full 3):
 garbage-first heap   total 81920K, used 71246K [0x0000000081800000, 0x0000000100000000)
  region size 1024K, 43 young (44032K), 4 survivors (4096K)
 Metaspace       used 81110K, committed 81920K, reserved 1179648K
  class space    used 10585K, committed 11008K, reserved 1048576K
}
Event: 744.141 GC heap after
{Heap after GC invocations=39 (full 3):
 garbage-first heap   total 81920K, used 32969K [0x0000000081800000, 0x0000000100000000)
  region size 1024K, 3 young (3072K), 3 survivors (3072K)
 Metaspace       used 81110K, committed 81920K, reserved 1179648K
  class space    used 10585K, committed 11008K, reserved 1048576K
}
Event: 764.813 GC heap before
{Heap before GC invocations=39 (full 3):
 garbage-first heap   total 81920K, used 35017K [0x0000000081800000, 0x0000000100000000)
  region size 1024K, 6 young (6144K), 3 survivors (3072K)
 Metaspace       used 81135K, committed 81920K, reserved 1179648K
  class space    used 10586K, committed 11008K, reserved 1048576K
}
Event: 764.891 GC heap after
{Heap after GC invocations=40 (full 4):
 garbage-first heap   total 81920K, used 27819K [0x0000000081800000, 0x0000000100000000)
  region size 1024K, 0 young (0K), 0 survivors (0K)
 Metaspace       used 81014K, committed 81920K, reserved 1179648K
  class space    used 10555K, committed 11008K, reserved 1048576K
}
Event: 766.387 GC heap before
{Heap before GC invocations=40 (full 4):
 garbage-first heap   total 81920K, used 69803K [0x0000000081800000, 0x0000000100000000)
  region size 1024K, 42 young (43008K), 0 survivors (0K)
 Metaspace       used 81086K, committed 81920K, reserved 1179648K
  class space    used 10565K, committed 11008K, reserved 1048576K
}
Event: 766.393 GC heap after
{Heap after GC invocations=41 (full 4):
 garbage-first heap   total 81920K, used 31417K [0x0000000081800000, 0x0000000100000000)
  region size 1024K, 4 young (4096K), 4 survivors (4096K)
 Metaspace       used 81086K, committed 81920K, reserved 1179648K
  class space    used 10565K, committed 11008K, reserved 1048576K
}
Event: 769.726 GC heap before
{Heap before GC invocations=41 (full 4):
 garbage-first heap   total 81920K, used 71353K [0x0000000081800000, 0x0000000100000000)
  region size 1024K, 43 young (44032K), 4 survivors (4096K)
 Metaspace       used 81287K, committed 82048K, reserved 1179648K
  class space    used 10578K, committed 11008K, reserved 1048576K
}
Event: 769.738 GC heap after
{Heap after GC invocations=42 (full 4):
 garbage-first heap   total 81920K, used 33023K [0x0000000081800000, 0x0000000100000000)
  region size 1024K, 3 young (3072K), 3 survivors (3072K)
 Metaspace       used 81287K, committed 82048K, reserved 1179648K
  class space    used 10578K, committed 11008K, reserved 1048576K
}
Event: 771.104 GC heap before
{Heap before GC invocations=42 (full 4):
 garbage-first heap   total 81920K, used 36095K [0x0000000081800000, 0x0000000100000000)
  region size 1024K, 6 young (6144K), 3 survivors (3072K)
 Metaspace       used 81287K, committed 82048K, reserved 1179648K
  class space    used 10578K, committed 11008K, reserved 1048576K
}
Event: 771.111 GC heap after
{Heap after GC invocations=43 (full 4):
 garbage-first heap   total 81920K, used 33708K [0x0000000081800000, 0x0000000100000000)
  region size 1024K, 1 young (1024K), 1 survivors (1024K)
 Metaspace       used 81287K, committed 82048K, reserved 1179648K
  class space    used 10578K, committed 11008K, reserved 1048576K
}
Event: 1355.219 GC heap before
{Heap before GC invocations=44 (full 4):
 garbage-first heap   total 81920K, used 74668K [0x0000000081800000, 0x0000000100000000)
  region size 1024K, 29 young (29696K), 1 survivors (1024K)
 Metaspace       used 81300K, committed 82048K, reserved 1179648K
  class space    used 10581K, committed 11008K, reserved 1048576K
}
Event: 1355.289 GC heap after
{Heap after GC invocations=45 (full 5):
 garbage-first heap   total 81920K, used 27976K [0x0000000081800000, 0x0000000100000000)
  region size 1024K, 0 young (0K), 0 survivors (0K)
 Metaspace       used 81300K, committed 82048K, reserved 1179648K
  class space    used 10581K, committed 11008K, reserved 1048576K
}
Event: 1356.332 GC heap before
{Heap before GC invocations=45 (full 5):
 garbage-first heap   total 81920K, used 70984K [0x0000000081800000, 0x0000000100000000)
  region size 1024K, 43 young (44032K), 0 survivors (0K)
 Metaspace       used 81373K, committed 82176K, reserved 1179648K
  class space    used 10591K, committed 11008K, reserved 1048576K
}
Event: 1356.339 GC heap after
{Heap after GC invocations=46 (full 5):
 garbage-first heap   total 81920K, used 31504K [0x0000000081800000, 0x0000000100000000)
  region size 1024K, 4 young (4096K), 4 survivors (4096K)
 Metaspace       used 81373K, committed 82176K, reserved 1179648K
  class space    used 10591K, committed 11008K, reserved 1048576K
}
Event: 1373.161 GC heap before
{Heap before GC invocations=46 (full 5):
 garbage-first heap   total 81920K, used 68368K [0x0000000081800000, 0x0000000100000000)
  region size 1024K, 42 young (43008K), 4 survivors (4096K)
 Metaspace       used 81577K, committed 82368K, reserved 1179648K
  class space    used 10606K, committed 11008K, reserved 1048576K
}
Event: 1373.240 GC heap after
{Heap after GC invocations=47 (full 6):
 garbage-first heap   total 81920K, used 27661K [0x0000000081800000, 0x0000000100000000)
  region size 1024K, 0 young (0K), 0 survivors (0K)
 Metaspace       used 81549K, committed 82368K, reserved 1179648K
  class space    used 10601K, committed 11008K, reserved 1048576K
}
Event: 1374.153 GC heap before
{Heap before GC invocations=47 (full 6):
 garbage-first heap   total 81920K, used 70669K [0x0000000081800000, 0x0000000100000000)
  region size 1024K, 43 young (44032K), 0 survivors (0K)
 Metaspace       used 81617K, committed 82368K, reserved 1179648K
  class space    used 10610K, committed 11008K, reserved 1048576K
}
Event: 1374.159 GC heap after
{Heap after GC invocations=48 (full 6):
 garbage-first heap   total 81920K, used 31370K [0x0000000081800000, 0x0000000100000000)
  region size 1024K, 4 young (4096K), 4 survivors (4096K)
 Metaspace       used 81617K, committed 82368K, reserved 1179648K
  class space    used 10610K, committed 11008K, reserved 1048576K
}
Event: 1387.689 GC heap before
{Heap before GC invocations=48 (full 6):
 garbage-first heap   total 81920K, used 71306K [0x0000000081800000, 0x0000000100000000)
  region size 1024K, 44 young (45056K), 4 survivors (4096K)
 Metaspace       used 82116K, committed 82880K, reserved 1179648K
  class space    used 10677K, committed 11008K, reserved 1048576K
}
Event: 1387.699 GC heap after
{Heap after GC invocations=49 (full 6):
 garbage-first heap   total 81920K, used 32778K [0x0000000081800000, 0x0000000100000000)
  region size 1024K, 3 young (3072K), 3 survivors (3072K)
 Metaspace       used 82116K, committed 82880K, reserved 1179648K
  class space    used 10677K, committed 11008K, reserved 1048576K
}

