# JRE version: OpenJDK Runtime Environment Temurin-21.0.4+7 (21.0.4+7) (build 21.0.4+7-LTS)
# Java VM: OpenJDK 64-Bit Server VM Temurin-21.0.4+7 (21.0.4+7-LTS, mixed mode, emulated-client, tiered, compressed oops, compressed class ptrs, g1 gc, windows-amd64)
GC Precious Log:
 CardTable entry size: 512
 Card Set container configuration: InlinePtr #cards 5 size 8 Array Of Cards #cards 12 size 40 Howl #buckets 4 coarsen threshold 1843 Howl Bitmap #cards 512 size 80 coarsen threshold 460 Card regions per heap region 1 cards per card region 2048
 CPUs: 4 total, 4 available
 Memory: 8094M
 Large Page Support: Disabled
 NUMA Support: Disabled
 Compressed Oops: Enabled (32-bit)
 Heap Region Size: 1M
 Heap Min Capacity: 8M
 Heap Initial Capacity: 128M
 Heap Max Capacity: 2024M
 Pre-touch: Disabled
 Parallel Workers: 4
 Concurrent Workers: 1
 Concurrent Refinement Workers: 4
 Periodic GC: Disabled
Heap:
 garbage-first heap   total 79872K, used 45673K [0x0000000081800000, 0x0000000100000000)
  region size 1024K, 10 young (10240K), 2 survivors (2048K)
 Metaspace       used 97555K, committed 98496K, reserved 1179648K
  class space    used 12351K, committed 12800K, reserved 1048576K
GC Heap History (20 events):
Event: 21941.500 GC heap before
{Heap before GC invocations=112 (full 10):
 garbage-first heap   total 79872K, used 67870K [0x0000000081800000, 0x0000000100000000)
  region size 1024K, 38 young (38912K), 0 survivors (0K)
 Metaspace       used 96115K, committed 97024K, reserved 1179648K
  class space    used 12201K, committed 12608K, reserved 1048576K
}
Event: 21941.506 GC heap after
{Heap after GC invocations=113 (full 10):
 garbage-first heap   total 79872K, used 33199K [0x0000000081800000, 0x0000000100000000)
  region size 1024K, 4 young (4096K), 4 survivors (4096K)
 Metaspace       used 96115K, committed 97024K, reserved 1179648K
  class space    used 12201K, committed 12608K, reserved 1048576K
}
Event: 21942.284 GC heap before
{Heap before GC invocations=114 (full 10):
 garbage-first heap   total 79872K, used 68015K [0x0000000081800000, 0x0000000100000000)
  region size 1024K, 38 young (38912K), 4 survivors (4096K)
 Metaspace       used 96341K, committed 97216K, reserved 1179648K
  class space    used 12219K, committed 12608K, reserved 1048576K
}
Event: 21942.292 GC heap after
{Heap after GC invocations=115 (full 10):
 garbage-first heap   total 79872K, used 35695K [0x0000000081800000, 0x0000000100000000)
  region size 1024K, 3 young (3072K), 3 survivors (3072K)
 Metaspace       used 96341K, committed 97216K, reserved 1179648K
  class space    used 12219K, committed 12608K, reserved 1048576K
}
Event: 21958.379 GC heap before
{Heap before GC invocations=115 (full 10):
 garbage-first heap   total 79872K, used 47983K [0x0000000081800000, 0x0000000100000000)
  region size 1024K, 16 young (16384K), 3 survivors (3072K)
 Metaspace       used 96350K, committed 97216K, reserved 1179648K
  class space    used 12221K, committed 12608K, reserved 1048576K
}
Event: 21958.454 GC heap after
{Heap after GC invocations=116 (full 11):
 garbage-first heap   total 79872K, used 30097K [0x0000000081800000, 0x0000000100000000)
  region size 1024K, 0 young (0K), 0 survivors (0K)
 Metaspace       used 96345K, committed 97216K, reserved 1179648K
  class space    used 12220K, committed 12608K, reserved 1048576K
}
Event: 21959.201 GC heap before
{Heap before GC invocations=116 (full 11):
 garbage-first heap   total 79872K, used 67985K [0x0000000081800000, 0x0000000100000000)
  region size 1024K, 38 young (38912K), 0 survivors (0K)
 Metaspace       used 96431K, committed 97280K, reserved 1179648K
  class space    used 12232K, committed 12608K, reserved 1048576K
}
Event: 21959.206 GC heap after
{Heap after GC invocations=117 (full 11):
 garbage-first heap   total 79872K, used 33305K [0x0000000081800000, 0x0000000100000000)
  region size 1024K, 4 young (4096K), 4 survivors (4096K)
 Metaspace       used 96431K, committed 97280K, reserved 1179648K
  class space    used 12232K, committed 12608K, reserved 1048576K
}
Event: 21959.958 GC heap before
{Heap before GC invocations=118 (full 11):
 garbage-first heap   total 79872K, used 68121K [0x0000000081800000, 0x0000000100000000)
  region size 1024K, 38 young (38912K), 4 survivors (4096K)
 Metaspace       used 96639K, committed 97472K, reserved 1179648K
  class space    used 12245K, committed 12608K, reserved 1048576K
}
Event: 21959.966 GC heap after
{Heap after GC invocations=119 (full 11):
 garbage-first heap   total 79872K, used 35515K [0x0000000081800000, 0x0000000100000000)
  region size 1024K, 3 young (3072K), 3 survivors (3072K)
 Metaspace       used 96639K, committed 97472K, reserved 1179648K
  class space    used 12245K, committed 12608K, reserved 1048576K
}
Event: 21988.878 GC heap before
{Heap before GC invocations=119 (full 11):
 garbage-first heap   total 79872K, used 46779K [0x0000000081800000, 0x0000000100000000)
  region size 1024K, 15 young (15360K), 3 survivors (3072K)
 Metaspace       used 96642K, committed 97472K, reserved 1179648K
  class space    used 12246K, committed 12608K, reserved 1048576K
}
Event: 21988.956 GC heap after
{Heap after GC invocations=120 (full 12):
 garbage-first heap   total 79872K, used 30367K [0x0000000081800000, 0x0000000100000000)
  region size 1024K, 0 young (0K), 0 survivors (0K)
 Metaspace       used 96638K, committed 97472K, reserved 1179648K
  class space    used 12245K, committed 12608K, reserved 1048576K
}
Event: 21989.641 GC heap before
{Heap before GC invocations=120 (full 12):
 garbage-first heap   total 79872K, used 69279K [0x0000000081800000, 0x0000000100000000)
  region size 1024K, 38 young (38912K), 0 survivors (0K)
 Metaspace       used 96736K, committed 97664K, reserved 1179648K
  class space    used 12261K, committed 12672K, reserved 1048576K
}
Event: 21989.648 GC heap after
{Heap after GC invocations=121 (full 12):
 garbage-first heap   total 79872K, used 33557K [0x0000000081800000, 0x0000000100000000)
  region size 1024K, 4 young (4096K), 4 survivors (4096K)
 Metaspace       used 96736K, committed 97664K, reserved 1179648K
  class space    used 12261K, committed 12672K, reserved 1048576K
}
Event: 21990.599 GC heap before
{Heap before GC invocations=122 (full 12):
 garbage-first heap   total 79872K, used 68373K [0x0000000081800000, 0x0000000100000000)
  region size 1024K, 38 young (38912K), 4 survivors (4096K)
 Metaspace       used 97113K, committed 97984K, reserved 1179648K
  class space    used 12300K, committed 12672K, reserved 1048576K
}
Event: 21990.604 GC heap after
{Heap after GC invocations=123 (full 12):
 garbage-first heap   total 79872K, used 34727K [0x0000000081800000, 0x0000000100000000)
  region size 1024K, 2 young (2048K), 2 survivors (2048K)
 Metaspace       used 97113K, committed 97984K, reserved 1179648K
  class space    used 12300K, committed 12672K, reserved 1048576K
}
Event: 22046.539 GC heap before
{Heap before GC invocations=123 (full 12):
 garbage-first heap   total 79872K, used 69543K [0x0000000081800000, 0x0000000100000000)
  region size 1024K, 37 young (37888K), 2 survivors (2048K)
 Metaspace       used 97336K, committed 98304K, reserved 1179648K
  class space    used 12335K, committed 12800K, reserved 1048576K
}
Event: 22046.546 GC heap after
{Heap after GC invocations=124 (full 12):
 garbage-first heap   total 79872K, used 37188K [0x0000000081800000, 0x0000000100000000)
  region size 1024K, 4 young (4096K), 4 survivors (4096K)
 Metaspace       used 97336K, committed 98304K, reserved 1179648K
  class space    used 12335K, committed 12800K, reserved 1048576K
}
Event: 22046.999 GC heap before
{Heap before GC invocations=124 (full 12):
 garbage-first heap   total 79872K, used 69956K [0x0000000081800000, 0x0000000100000000)
  region size 1024K, 36 young (36864K), 4 survivors (4096K)
 Metaspace       used 97480K, committed 98432K, reserved 1179648K
  class space    used 12348K, committed 12800K, reserved 1048576K
}
Event: 22047.009 GC heap after
{Heap after GC invocations=125 (full 12):
 garbage-first heap   total 79872K, used 38505K [0x0000000081800000, 0x0000000100000000)
  region size 1024K, 2 young (2048K), 2 survivors (2048K)
 Metaspace       used 97480K, committed 98432K, reserved 1179648K
  class space    used 12348K, committed 12800K, reserved 1048576K
}

