# JRE version: OpenJDK Runtime Environment Temurin-21.0.4+7 (21.0.4+7) (build 21.0.4+7-LTS)
# Java VM: OpenJDK 64-Bit Server VM Temurin-21.0.4+7 (21.0.4+7-LTS, mixed mode, emulated-client, tiered, compressed oops, compressed class ptrs, g1 gc, windows-amd64)
GC Precious Log:
 CardTable entry size: 512
 Card Set container configuration: InlinePtr #cards 5 size 8 Array Of Cards #cards 12 size 40 Howl #buckets 4 coarsen threshold 1843 Howl Bitmap #cards 512 size 80 coarsen threshold 460 Card regions per heap region 1 cards per card region 2048
 CPUs: 4 total, 4 available
 Memory: 8094M
 Large Page Support: Disabled
 NUMA Support: Disabled
 Compressed Oops: Enabled (32-bit)
 Heap Region Size: 1M
 Heap Min Capacity: 8M
 Heap Initial Capacity: 128M
 Heap Max Capacity: 2024M
 Pre-touch: Disabled
 Parallel Workers: 4
 Concurrent Workers: 1
 Concurrent Refinement Workers: 4
 Periodic GC: Disabled
Heap:
 garbage-first heap   total 79872K, used 49562K [0x0000000081800000, 0x0000000100000000)
  region size 1024K, 26 young (26624K), 5 survivors (5120K)
 Metaspace       used 91430K, committed 92160K, reserved 1179648K
  class space    used 11731K, committed 12032K, reserved 1048576K
GC Heap History (20 events):
Event: 141.607 GC heap before
{Heap before GC invocations=36 (full 0):
 garbage-first heap   total 66560K, used 59392K [0x0000000081800000, 0x0000000100000000)
  region size 1024K, 30 young (30720K), 3 survivors (3072K)
 Metaspace       used 79679K, committed 80384K, reserved 1179648K
  class space    used 10442K, committed 10752K, reserved 1048576K
}
Event: 141.616 GC heap after
{Heap after GC invocations=37 (full 0):
 garbage-first heap   total 79872K, used 32921K [0x0000000081800000, 0x0000000100000000)
  region size 1024K, 3 young (3072K), 3 survivors (3072K)
 Metaspace       used 79679K, committed 80384K, reserved 1179648K
  class space    used 10442K, committed 10752K, reserved 1048576K
}
Event: 142.427 GC heap before
{Heap before GC invocations=38 (full 0):
 garbage-first heap   total 79872K, used 69785K [0x0000000081800000, 0x0000000100000000)
  region size 1024K, 40 young (40960K), 3 survivors (3072K)
 Metaspace       used 83091K, committed 83712K, reserved 1179648K
  class space    used 10862K, committed 11136K, reserved 1048576K
}
Event: 142.434 GC heap after
{Heap after GC invocations=39 (full 0):
 garbage-first heap   total 79872K, used 32711K [0x0000000081800000, 0x0000000100000000)
  region size 1024K, 3 young (3072K), 3 survivors (3072K)
 Metaspace       used 83091K, committed 83712K, reserved 1179648K
  class space    used 10862K, committed 11136K, reserved 1048576K
}
Event: 143.081 GC heap before
{Heap before GC invocations=39 (full 0):
 garbage-first heap   total 79872K, used 69575K [0x0000000081800000, 0x0000000100000000)
  region size 1024K, 40 young (40960K), 3 survivors (3072K)
 Metaspace       used 86650K, committed 87360K, reserved 1179648K
  class space    used 11138K, committed 11456K, reserved 1048576K
}
Event: 143.091 GC heap after
{Heap after GC invocations=40 (full 0):
 garbage-first heap   total 79872K, used 32701K [0x0000000081800000, 0x0000000100000000)
  region size 1024K, 4 young (4096K), 4 survivors (4096K)
 Metaspace       used 86650K, committed 87360K, reserved 1179648K
  class space    used 11138K, committed 11456K, reserved 1048576K
}
Event: 144.083 GC heap before
{Heap before GC invocations=40 (full 0):
 garbage-first heap   total 79872K, used 69565K [0x0000000081800000, 0x0000000100000000)
  region size 1024K, 40 young (40960K), 4 survivors (4096K)
 Metaspace       used 89509K, committed 90240K, reserved 1179648K
  class space    used 11445K, committed 11776K, reserved 1048576K
}
Event: 144.090 GC heap after
{Heap after GC invocations=41 (full 0):
 garbage-first heap   total 79872K, used 34027K [0x0000000081800000, 0x0000000100000000)
  region size 1024K, 4 young (4096K), 4 survivors (4096K)
 Metaspace       used 89509K, committed 90240K, reserved 1179648K
  class space    used 11445K, committed 11776K, reserved 1048576K
}
Event: 238.693 GC heap before
{Heap before GC invocations=42 (full 0):
 garbage-first heap   total 79872K, used 68843K [0x0000000081800000, 0x0000000100000000)
  region size 1024K, 39 young (39936K), 4 survivors (4096K)
 Metaspace       used 90546K, committed 91264K, reserved 1179648K
  class space    used 11570K, committed 11904K, reserved 1048576K
}
Event: 238.698 GC heap after
{Heap after GC invocations=43 (full 0):
 garbage-first heap   total 79872K, used 34173K [0x0000000081800000, 0x0000000100000000)
  region size 1024K, 3 young (3072K), 3 survivors (3072K)
 Metaspace       used 90546K, committed 91264K, reserved 1179648K
  class space    used 11570K, committed 11904K, reserved 1048576K
}
Event: 300.295 GC heap before
{Heap before GC invocations=43 (full 0):
 garbage-first heap   total 79872K, used 70013K [0x0000000081800000, 0x0000000100000000)
  region size 1024K, 39 young (39936K), 3 survivors (3072K)
 Metaspace       used 90597K, committed 91328K, reserved 1179648K
  class space    used 11575K, committed 11904K, reserved 1048576K
}
Event: 300.303 GC heap after
{Heap after GC invocations=44 (full 0):
 garbage-first heap   total 79872K, used 34384K [0x0000000081800000, 0x0000000100000000)
  region size 1024K, 4 young (4096K), 4 survivors (4096K)
 Metaspace       used 90597K, committed 91328K, reserved 1179648K
  class space    used 11575K, committed 11904K, reserved 1048576K
}
Event: 568.674 GC heap before
{Heap before GC invocations=44 (full 0):
 garbage-first heap   total 79872K, used 68176K [0x0000000081800000, 0x0000000100000000)
  region size 1024K, 38 young (38912K), 4 survivors (4096K)
 Metaspace       used 90645K, committed 91328K, reserved 1179648K
  class space    used 11580K, committed 11904K, reserved 1048576K
}
Event: 568.703 GC heap after
{Heap after GC invocations=45 (full 0):
 garbage-first heap   total 79872K, used 34509K [0x0000000081800000, 0x0000000100000000)
  region size 1024K, 3 young (3072K), 3 survivors (3072K)
 Metaspace       used 90645K, committed 91328K, reserved 1179648K
  class space    used 11580K, committed 11904K, reserved 1048576K
}
Event: 980.469 GC heap before
{Heap before GC invocations=46 (full 0):
 garbage-first heap   total 79872K, used 69325K [0x0000000081800000, 0x0000000100000000)
  region size 1024K, 38 young (38912K), 3 survivors (3072K)
 Metaspace       used 91173K, committed 91840K, reserved 1179648K
  class space    used 11657K, committed 11968K, reserved 1048576K
}
Event: 980.484 GC heap after
{Heap after GC invocations=47 (full 0):
 garbage-first heap   total 79872K, used 33954K [0x0000000081800000, 0x0000000100000000)
  region size 1024K, 2 young (2048K), 2 survivors (2048K)
 Metaspace       used 91173K, committed 91840K, reserved 1179648K
  class space    used 11657K, committed 11968K, reserved 1048576K
}
Event: 982.420 GC heap before
{Heap before GC invocations=47 (full 0):
 garbage-first heap   total 79872K, used 36002K [0x0000000081800000, 0x0000000100000000)
  region size 1024K, 5 young (5120K), 2 survivors (2048K)
 Metaspace       used 91329K, committed 92096K, reserved 1179648K
  class space    used 11692K, committed 12032K, reserved 1048576K
}
Event: 982.528 GC heap after
{Heap after GC invocations=48 (full 1):
 garbage-first heap   total 79872K, used 25674K [0x0000000081800000, 0x0000000100000000)
  region size 1024K, 0 young (0K), 0 survivors (0K)
 Metaspace       used 91066K, committed 92032K, reserved 1179648K
  class space    used 11652K, committed 12032K, reserved 1048576K
}
Event: 985.317 GC heap before
{Heap before GC invocations=48 (full 1):
 garbage-first heap   total 79872K, used 71754K [0x0000000081800000, 0x0000000100000000)
  region size 1024K, 46 young (47104K), 0 survivors (0K)
 Metaspace       used 91243K, committed 92032K, reserved 1179648K
  class space    used 11693K, committed 12032K, reserved 1048576K
}
Event: 985.325 GC heap after
{Heap after GC invocations=49 (full 1):
 garbage-first heap   total 79872K, used 30106K [0x0000000081800000, 0x0000000100000000)
  region size 1024K, 5 young (5120K), 5 survivors (5120K)
 Metaspace       used 91243K, committed 92032K, reserved 1179648K
  class space    used 11693K, committed 12032K, reserved 1048576K
}

